\BOOKMARK [1][-]{section.1}{\376\377\000A\000b\000s\000t\000r\000a\000c\000t}{}% 1
\BOOKMARK [1][-]{section.2}{\376\377\000I\000n\000t\000r\000o\000d\000u\000c\000t\000i\000o\000n}{}% 2
\BOOKMARK [1][-]{section.3}{\376\377\000E\000x\000p\000e\000r\000i\000m\000e\000n\000t\000\040\000A}{}% 3
\BOOKMARK [2][-]{subsection.3.1}{\376\377\000M\000e\000t\000h\000o\000d\000o\000l\000o\000g\000y}{section.3}% 4
\BOOKMARK [2][-]{subsection.3.2}{\376\377\000R\000e\000s\000u\000l\000t\000s\000\040\000a\000n\000d\000\040\000A\000n\000a\000l\000y\000s\000i\000s}{section.3}% 5
\BOOKMARK [1][-]{section.4}{\376\377\000E\000x\000p\000e\000r\000i\000m\000e\000n\000t\000\040\000B}{}% 6
\BOOKMARK [2][-]{subsection.4.1}{\376\377\000M\000e\000t\000h\000o\000d\000o\000l\000o\000g\000y}{section.4}% 7
\BOOKMARK [2][-]{subsection.4.2}{\376\377\000R\000e\000s\000u\000l\000t\000s\000\040\000a\000n\000d\000\040\000A\000n\000a\000l\000y\000s\000i\000s}{section.4}% 8
\BOOKMARK [1][-]{section.5}{\376\377\000E\000x\000p\000e\000r\000i\000m\000e\000n\000t\000\040\000C}{}% 9
\BOOKMARK [2][-]{subsection.5.1}{\376\377\000M\000e\000t\000h\000o\000d\000o\000l\000o\000g\000y}{section.5}% 10
\BOOKMARK [2][-]{subsection.5.2}{\376\377\000R\000e\000s\000u\000l\000t\000s\000\040\000a\000n\000d\000\040\000A\000n\000a\000l\000y\000s\000i\000s}{section.5}% 11
\BOOKMARK [1][-]{section.6}{\376\377\000E\000x\000p\000e\000r\000i\000m\000e\000n\000t\000\040\000D}{}% 12
\BOOKMARK [2][-]{subsection.6.1}{\376\377\000M\000e\000t\000h\000o\000d\000o\000l\000o\000g\000y}{section.6}% 13
\BOOKMARK [3][-]{subsubsection.6.1.1}{\376\377\000P\000a\000r\000t\000\040\0001}{subsection.6.1}% 14
\BOOKMARK [3][-]{subsubsection.6.1.2}{\376\377\000P\000a\000r\000t\000\040\0002}{subsection.6.1}% 15
\BOOKMARK [2][-]{subsection.6.2}{\376\377\000R\000e\000s\000u\000l\000t\000s\000\040\000a\000n\000d\000\040\000A\000n\000a\000l\000y\000s\000i\000s}{section.6}% 16
\BOOKMARK [3][-]{subsubsection.6.2.1}{\376\377\000P\000a\000r\000t\000\040\0001}{subsection.6.2}% 17
\BOOKMARK [3][-]{subsubsection.6.2.2}{\376\377\000P\000a\000r\000t\000\040\0002}{subsection.6.2}% 18
\BOOKMARK [1][-]{section.7}{\376\377\000E\000x\000p\000e\000r\000i\000m\000e\000n\000t\000\040\000E}{}% 19
\BOOKMARK [2][-]{subsection.7.1}{\376\377\000M\000e\000t\000h\000o\000d\000o\000l\000o\000g\000y}{section.7}% 20
\BOOKMARK [2][-]{subsection.7.2}{\376\377\000R\000e\000s\000u\000l\000t\000s\000\040\000a\000n\000d\000\040\000A\000n\000a\000l\000y\000s\000i\000s}{section.7}% 21
\BOOKMARK [1][-]{section.8}{\376\377\000E\000x\000p\000e\000r\000i\000m\000e\000n\000t\000\040\000F}{}% 22
\BOOKMARK [2][-]{subsection.8.1}{\376\377\000M\000e\000t\000h\000o\000d\000o\000l\000o\000g\000y}{section.8}% 23
\BOOKMARK [3][-]{subsubsection.8.1.1}{\376\377\000P\000a\000r\000t\000\040\0001}{subsection.8.1}% 24
\BOOKMARK [3][-]{subsubsection.8.1.2}{\376\377\000P\000a\000r\000t\000\040\0002}{subsection.8.1}% 25
\BOOKMARK [2][-]{subsection.8.2}{\376\377\000R\000e\000s\000u\000l\000t\000s\000\040\000a\000n\000d\000\040\000A\000n\000a\000l\000y\000s\000i\000s}{section.8}% 26
\BOOKMARK [3][-]{subsubsection.8.2.1}{\376\377\000P\000a\000r\000t\000\040\0001}{subsection.8.2}% 27
\BOOKMARK [3][-]{subsubsection.8.2.2}{\376\377\000P\000a\000r\000t\000\040\0002}{subsection.8.2}% 28
\BOOKMARK [1][-]{section.9}{\376\377\000E\000x\000p\000e\000r\000i\000m\000e\000n\000t\000\040\000G}{}% 29
\BOOKMARK [2][-]{subsection.9.1}{\376\377\000M\000e\000t\000h\000o\000d\000o\000l\000o\000g\000y}{section.9}% 30
\BOOKMARK [3][-]{subsubsection.9.1.1}{\376\377\000P\000a\000r\000t\000\040\0001}{subsection.9.1}% 31
\BOOKMARK [3][-]{subsubsection.9.1.2}{\376\377\000P\000a\000r\000t\000\040\0002}{subsection.9.1}% 32
\BOOKMARK [2][-]{subsection.9.2}{\376\377\000R\000e\000s\000u\000l\000t\000s\000\040\000a\000n\000d\000\040\000A\000n\000a\000l\000y\000s\000i\000s}{section.9}% 33
\BOOKMARK [3][-]{subsubsection.9.2.1}{\376\377\000P\000a\000r\000t\000\040\0001}{subsection.9.2}% 34
\BOOKMARK [3][-]{subsubsection.9.2.2}{\376\377\000P\000a\000r\000t\000\040\0002}{subsection.9.2}% 35
\BOOKMARK [1][-]{section.10}{\376\377\000E\000x\000p\000e\000r\000i\000m\000e\000n\000t\000\040\000H}{}% 36
\BOOKMARK [2][-]{subsection.10.1}{\376\377\000M\000e\000t\000h\000o\000d\000o\000l\000o\000g\000y}{section.10}% 37
\BOOKMARK [2][-]{subsection.10.2}{\376\377\000R\000e\000s\000u\000l\000t\000s\000\040\000a\000n\000d\000\040\000A\000n\000a\000l\000y\000s\000i\000s}{section.10}% 38
\BOOKMARK [1][-]{section.11}{\376\377\000C\000o\000n\000c\000l\000u\000s\000i\000o\000n}{}% 39
\BOOKMARK [1][-]{appendix.A}{\376\377\000S\000a\000m\000p\000l\000e\000\040\000c\000a\000l\000c\000u\000l\000a\000t\000i\000o\000n\000\040\000f\000o\000r\000\040\000r\000i\000p\000p\000l\000e\000\040\000a\000n\000d\000\040\000e\000r\000r\000o\000r\000\040\000p\000r\000o\000p\000a\000g\000a\000t\000i\000o\000n}{}% 40
\BOOKMARK [1][-]{appendix.B}{\376\377\000O\000s\000c\000i\000l\000l\000o\000s\000c\000o\000p\000e\000\040\000s\000c\000r\000e\000e\000n\000s}{}% 41
\BOOKMARK [2][-]{subsection.B.1}{\376\377\000E\000x\000p\000e\000r\000i\000m\000e\000n\000t\000\040\000A}{appendix.B}% 42
\BOOKMARK [2][-]{subsection.B.2}{\376\377\000E\000x\000p\000e\000r\000i\000m\000e\000n\000t\000\040\000B}{appendix.B}% 43
\BOOKMARK [2][-]{subsection.B.3}{\376\377\000E\000x\000p\000e\000r\000i\000m\000e\000n\000t\000\040\000C}{appendix.B}% 44
\BOOKMARK [2][-]{subsection.B.4}{\376\377\000E\000x\000p\000e\000r\000i\000m\000e\000n\000t\000\040\000D}{appendix.B}% 45
\BOOKMARK [3][-]{subsubsection.B.4.1}{\376\377\000P\000a\000r\000t\000\040\0001}{subsection.B.4}% 46
\BOOKMARK [3][-]{subsubsection.B.4.2}{\376\377\000P\000a\000r\000t\000\040\0002}{subsection.B.4}% 47
\BOOKMARK [2][-]{subsection.B.5}{\376\377\000E\000x\000p\000e\000r\000i\000m\000e\000n\000t\000\040\000E}{appendix.B}% 48
\BOOKMARK [2][-]{subsection.B.6}{\376\377\000E\000x\000p\000e\000r\000i\000m\000e\000n\000t\000\040\000F}{appendix.B}% 49
\BOOKMARK [2][-]{subsection.B.7}{\376\377\000E\000x\000p\000e\000r\000i\000m\000e\000n\000t\000\040\000G}{appendix.B}% 50
\BOOKMARK [2][-]{subsection.B.8}{\376\377\000E\000x\000p\000e\000r\000i\000m\000e\000n\000t\000\040\000H}{appendix.B}% 51
\BOOKMARK [1][-]{section*.51}{\376\377\000R\000e\000f\000e\000r\000e\000n\000c\000e\000s}{}% 52
